<?xml version="1.0" encoding="UTF-8"?>
<testsuites name="Mocha Tests" time="0.21400000000000002" tests="28" failures="0">
    <testsuite name="Root Suite" timestamp="2020-09-27T04:07:46" tests="0" failures="0" time="0"/>
    <testsuite name="Accessories Controller" timestamp="2020-09-27T04:07:47" tests="6" file="/Users/johnwolfe/Development/sailsJSApp/sails2/d9848f2a-d030-4d29-9e2d-661261522a24/test/controllers/AccessoriesController.test.js" failures="0" time="0.10900000000000001">
        <testcase name="Accessories Controller get /accessories" time="0.058" classname="get /accessories"/>
        <testcase name="Accessories Controller post /accessories" time="0.024" classname="post /accessories"/>
        <testcase name="Accessories Controller update /accessories" time="0.01" classname="update /accessories"/>
        <testcase name="Accessories Controller update /accessories" time="0.007" classname="update /accessories"/>
        <testcase name="Accessories Controller update /accessories" time="0.006" classname="update /accessories"/>
        <testcase name="Accessories Controller update /variant" time="0.004" classname="update /variant"/>
    </testsuite>
    <testsuite name="Car Controller" timestamp="2020-09-27T04:07:47" tests="1" file="/Users/johnwolfe/Development/sailsJSApp/sails2/d9848f2a-d030-4d29-9e2d-661261522a24/test/controllers/CarsController.test.js" failures="0" time="0.008">
        <testcase name="Car Controller get /car" time="0.008" classname="get /car"/>
    </testsuite>
    <testsuite name="Manufacturer Controller" timestamp="2020-09-27T04:07:47" tests="5" file="/Users/johnwolfe/Development/sailsJSApp/sails2/d9848f2a-d030-4d29-9e2d-661261522a24/test/controllers/ManufacturerController.test.js" failures="0" time="0.032">
        <testcase name="Manufacturer Controller get /manufacturer" time="0.006" classname="get /manufacturer"/>
        <testcase name="Manufacturer Controller post /manufacturer" time="0.006" classname="post /manufacturer"/>
        <testcase name="Manufacturer Controller update /manufacturer" time="0.007" classname="update /manufacturer"/>
        <testcase name="Manufacturer Controller update /manufacturer" time="0.007" classname="update /manufacturer"/>
        <testcase name="Manufacturer Controller update /manufacturer" time="0.006" classname="update /manufacturer"/>
    </testsuite>
    <testsuite name="Segment Controller" timestamp="2020-09-27T04:07:47" tests="5" file="/Users/johnwolfe/Development/sailsJSApp/sails2/d9848f2a-d030-4d29-9e2d-661261522a24/test/controllers/SegmentController.test.js" failures="0" time="0.03">
        <testcase name="Segment Controller get /segment" time="0.007" classname="get /segment"/>
        <testcase name="Segment Controller post /segment" time="0.007" classname="post /segment"/>
        <testcase name="Segment Controller update /segment" time="0.006" classname="update /segment"/>
        <testcase name="Segment Controller update /segment" time="0.004" classname="update /segment"/>
        <testcase name="Segment Controller update /segment" time="0.006" classname="update /segment"/>
    </testsuite>
    <testsuite name="Variant Controller" timestamp="2020-09-27T04:07:47" tests="6" file="/Users/johnwolfe/Development/sailsJSApp/sails2/d9848f2a-d030-4d29-9e2d-661261522a24/test/controllers/VarientController.test.js" failures="0" time="0.035">
        <testcase name="Variant Controller get /variant" time="0.006" classname="get /variant"/>
        <testcase name="Variant Controller post /variant" time="0.006" classname="post /variant"/>
        <testcase name="Variant Controller update /variant" time="0.007" classname="update /variant"/>
        <testcase name="Variant Controller update /variant" time="0.006" classname="update /variant"/>
        <testcase name="Variant Controller update /variant" time="0.006" classname="update /variant"/>
        <testcase name="Variant Controller update /variant" time="0.004" classname="update /variant"/>
    </testsuite>
    <testsuite name="Manufacturer Controller" timestamp="2020-09-27T04:07:47" tests="1" file="/Users/johnwolfe/Development/sailsJSApp/sails2/d9848f2a-d030-4d29-9e2d-661261522a24/test/models/Accessories.test.js" failures="0" time="0">
        <testcase name="Manufacturer Controller get /manufacturer" time="0" classname="get /manufacturer"/>
    </testsuite>
    <testsuite name="Manufacturer Controller" timestamp="2020-09-27T04:07:47" tests="1" file="/Users/johnwolfe/Development/sailsJSApp/sails2/d9848f2a-d030-4d29-9e2d-661261522a24/test/models/Cars.test.js" failures="0" time="0">
        <testcase name="Manufacturer Controller get /manufacturer" time="0" classname="get /manufacturer"/>
    </testsuite>
    <testsuite name="Manufacturer Controller" timestamp="2020-09-27T04:07:47" tests="1" file="/Users/johnwolfe/Development/sailsJSApp/sails2/d9848f2a-d030-4d29-9e2d-661261522a24/test/models/Manufacturer.test.js" failures="0" time="0">
        <testcase name="Manufacturer Controller get /manufacturer" time="0" classname="get /manufacturer"/>
    </testsuite>
    <testsuite name="Manufacturer Controller" timestamp="2020-09-27T04:07:47" tests="1" file="/Users/johnwolfe/Development/sailsJSApp/sails2/d9848f2a-d030-4d29-9e2d-661261522a24/test/models/Segment.test.js" failures="0" time="0">
        <testcase name="Manufacturer Controller get /manufacturer" time="0" classname="get /manufacturer"/>
    </testsuite>
    <testsuite name="Manufacturer Controller" timestamp="2020-09-27T04:07:47" tests="1" file="/Users/johnwolfe/Development/sailsJSApp/sails2/d9848f2a-d030-4d29-9e2d-661261522a24/test/models/Varient.test.js" failures="0" time="0">
        <testcase name="Manufacturer Controller get /manufacturer" time="0" classname="get /manufacturer"/>
    </testsuite>
    <testsuite name="CarsApi Test Coverage" errors="0" package="CarsApi Test Coverage" hostname="localhost" tests="10" failures="10" time="0.111" timestamp="" id="11">
        <properties/>
        <testcase name="CarsApi Test Coverage" time="0" classname="Coverage failure">
            <failure type="">Missing Test Coverage </failure>
        </testcase>
        <testcase name="CarsApi Test Coverage" time="0" classname="Coverage failure">
            <failure type="">Missing Test Coverage </failure>
        </testcase>
        <testcase name="CarsApi Test Coverage" time="0" classname="Coverage failure">
            <failure type="">Missing Test Coverage </failure>
        </testcase>
        <testcase name="CarsApi Test Coverage" time="0" classname="Coverage failure">
            <failure type="">Missing Test Coverage </failure>
        </testcase>
        <testcase name="CarsApi Test Coverage" time="0" classname="Coverage failure">
            <failure type="">Missing Test Coverage </failure>
        </testcase>
        <testcase name="CarsApi Test Coverage" time="0" classname="Coverage failure">
            <failure type="">Missing Test Coverage </failure>
        </testcase>
        <testcase name="CarsApi Test Coverage" time="0" classname="Coverage failure">
            <failure type="">Missing Test Coverage </failure>
        </testcase>
        <testcase name="CarsApi Test Coverage" time="0" classname="Coverage failure">
            <failure type="">Missing Test Coverage </failure>
        </testcase>
        <testcase name="CarsApi Test Coverage" time="0" classname="Coverage failure">
            <failure type="">Missing Test Coverage </failure>
        </testcase>
        <testcase name="CarsApi Test Coverage" time="0" classname="Coverage failure">
            <failure type="">Missing Test Coverage </failure>
        </testcase>
        <testcase name="CarsApi Lint Coverage" time="0" classname="Eslint success"/>
        <testcase name="CarsApi Lint Coverage" time="0" classname="Eslint success"/>
        <testcase name="CarsApi Lint Coverage" time="0" classname="Eslint success"/>
        <testcase name="CarsApi Lint Coverage" time="0" classname="Eslint success"/>
        <testcase name="CarsApi Lint Coverage" time="0" classname="Eslint success"/>
        <system-out/>
        <system-err/>
    </testsuite>
</testsuites>